<?xml version="1.0" encoding="UTF-8"?>
<testsuite name="ru.stqa.pft.sanbox.PrimeTests" tests="2" skipped="0" failures="0" errors="0" timestamp="2021-01-19T06:13:40" hostname="DESKTOP-ES03ILI" time="0.019">
  <properties/>
  <testcase name="testNonPrime" classname="ru.stqa.pft.sanbox.PrimeTests" time="0.01"/>
  <testcase name="testPrimes" classname="ru.stqa.pft.sanbox.PrimeTests" time="0.003"/>
  <system-out><![CDATA[]]></system-out>
  <system-err><![CDATA[]]></system-err>
</testsuite>
