<?xml version="1.0" encoding="UTF-8"?>
<testsuite name="ru.stqa.pft.sanbox.EquationTests" tests="3" skipped="0" failures="0" errors="0" timestamp="2021-01-14T10:45:50" hostname="DESKTOP-ES03ILI" time="0.02">
  <properties/>
  <testcase name="test0" classname="ru.stqa.pft.sanbox.EquationTests" time="0.013"/>
  <testcase name="test1" classname="ru.stqa.pft.sanbox.EquationTests" time="0.001"/>
  <testcase name="test2" classname="ru.stqa.pft.sanbox.EquationTests" time="0.001"/>
  <system-out><![CDATA[]]></system-out>
  <system-err><![CDATA[]]></system-err>
</testsuite>
