<?xml version="1.0" encoding="UTF-8"?>
<testsuite name="ru.stqa.pft.sanbox.SquareTests" tests="1" skipped="0" failures="0" errors="0" timestamp="2021-01-11T06:20:52" hostname="DESKTOP-ES03ILI" time="0.015">
  <properties/>
  <testcase name="testArea" classname="ru.stqa.pft.sanbox.SquareTests" time="0.015"/>
  <system-out><![CDATA[]]></system-out>
  <system-err><![CDATA[]]></system-err>
</testsuite>
