<?xml version="1.0" encoding="UTF-8"?>
<testsuite name="ru.stqa.pft.sanbox.EquationTests" tests="5" skipped="0" failures="0" errors="0" timestamp="2021-01-14T11:34:58" hostname="DESKTOP-ES03ILI" time="0.018">
  <properties/>
  <testcase name="test0" classname="ru.stqa.pft.sanbox.EquationTests" time="0.008"/>
  <testcase name="test1" classname="ru.stqa.pft.sanbox.EquationTests" time="0.0"/>
  <testcase name="test2" classname="ru.stqa.pft.sanbox.EquationTests" time="0.0"/>
  <testcase name="testLinear" classname="ru.stqa.pft.sanbox.EquationTests" time="0.0"/>
  <testcase name="testZero" classname="ru.stqa.pft.sanbox.EquationTests" time="0.0"/>
  <system-out><![CDATA[]]></system-out>
  <system-err><![CDATA[]]></system-err>
</testsuite>
